<?xml version="1.0" encoding="UTF-8"?>
<!-- Generated by org.testng.reporters.JUnitReportReporter -->
<testsuite hostname="DESKTOP-ODDFSPD" failures="0" tests="2" name="day2.PostRequestBodyUsingExternalDataFile" time="2.743" errors="0" timestamp="2024-11-05T21:04:31 IST" skipped="0">
  <testcase classname="day2.PostRequestBodyUsingExternalDataFile" name="testPostUsingPOJO" time="2.648"/>
  <system-out/>
  <testcase classname="day2.PostRequestBodyUsingExternalDataFile" name="testDelete" time="0.095"/>
  <system-out/>
</testsuite> <!-- day2.PostRequestBodyUsingExternalDataFile -->
