<?xml version="1.0" encoding="UTF-8"?>
<!-- Generated by org.testng.reporters.JUnitReportReporter -->
<testsuite hostname="DESKTOP-ODDFSPD" failures="0" tests="1" name="day3.CookiesDemo" time="2.544" errors="0" timestamp="2024-11-08T13:00:10 IST" skipped="0">
  <testcase classname="day3.CookiesDemo" name="getCookiesInfo" time="2.544"/>
  <system-out/>
</testsuite> <!-- day3.CookiesDemo -->
