<?xml version="1.0" encoding="UTF-8"?>
<!-- Generated by org.testng.reporters.JUnitReportReporter -->
<testsuite hostname="DESKTOP-ODDFSPD" failures="0" tests="1" name="day3.HeadersDemo" time="2.971" errors="0" timestamp="2024-11-08T20:33:22 IST" skipped="0">
  <testcase classname="day3.HeadersDemo" name="getHeaders" time="2.971"/>
  <system-out/>
</testsuite> <!-- day3.HeadersDemo -->
