<?xml version="1.0" encoding="UTF-8"?>
<!-- Generated by org.testng.reporters.JUnitReportReporter -->
<testsuite hostname="DESKTOP-ODDFSPD" failures="0" tests="1" name="day2.PostRequestBodyUsingJsonLibrary" time="1.714" errors="0" timestamp="2024-11-05T20:18:42 IST" skipped="0">
  <testcase classname="day2.PostRequestBodyUsingJsonLibrary" name="testDelete" time="1.714"/>
  <system-out/>
</testsuite> <!-- day2.PostRequestBodyUsingJsonLibrary -->
