<?xml version="1.0" encoding="UTF-8"?>
<!-- Generated by org.testng.reporters.JUnitReportReporter -->
<testsuite hostname="DESKTOP-ODDFSPD" failures="0" tests="2" name="day2.PostRequestBodyUsingPOJOClass" time="2.927" errors="0" timestamp="2024-11-05T20:47:30 IST" skipped="0">
  <testcase classname="day2.PostRequestBodyUsingPOJOClass" name="testPostUsingPOJO" time="2.873"/>
  <system-out/>
  <testcase classname="day2.PostRequestBodyUsingPOJOClass" name="testDelete" time="0.054"/>
  <system-out/>
</testsuite> <!-- day2.PostRequestBodyUsingPOJOClass -->
