<?xml version="1.0" encoding="UTF-8"?>
<!-- Generated by org.testng.reporters.JUnitReportReporter -->
<testsuite hostname="DESKTOP-ODDFSPD" failures="0" tests="1" name="day3.PathAndQueryParameters" time="2.285" errors="0" timestamp="2024-11-06T20:27:48 IST" skipped="0">
  <testcase classname="day3.PathAndQueryParameters" name="testPathAndQueryParams" time="2.285"/>
  <system-out/>
</testsuite> <!-- day3.PathAndQueryParameters -->
