<?xml version="1.0" encoding="UTF-8"?>
<!-- Generated by org.testng.reporters.JUnitReportReporter -->
<testsuite hostname="DESKTOP-ODDFSPD" failures="0" tests="1" name="day3.LoggingDemo" time="2.232" errors="0" timestamp="2024-11-08T20:41:30 IST" skipped="0">
  <testcase classname="day3.LoggingDemo" name="testLog" time="2.232"/>
  <system-out/>
</testsuite> <!-- day3.LoggingDemo -->
