<?xml version="1.0" encoding="UTF-8"?>
<!-- Generated by org.testng.reporters.JUnitReportReporter -->
<testsuite hostname="DESKTOP-ODDFSPD" failures="0" tests="4" name="day1.HTTPRequest" time="4.597" errors="0" timestamp="2024-11-04T13:35:49 IST" skipped="0">
  <testcase classname="day1.HTTPRequest" name="listUser" time="2.772"/>
  <system-out/>
  <testcase classname="day1.HTTPRequest" name="createUser" time="0.935"/>
  <system-out/>
  <testcase classname="day1.HTTPRequest" name="updateUser" time="0.442"/>
  <system-out/>
  <testcase classname="day1.HTTPRequest" name="deleteUser" time="0.448"/>
  <system-out/>
</testsuite> <!-- day1.HTTPRequest -->
