<?xml version="1.0" encoding="UTF-8"?>
<!-- Generated by org.testng.reporters.JUnitReportReporter -->
<testsuite hostname="DESKTOP-ODDFSPD" failures="0" tests="1" name="day2.WaysToCreatePostRequestBody" time="1.718" errors="0" timestamp="2024-11-05T14:18:55 IST" skipped="0">
  <testcase classname="day2.WaysToCreatePostRequestBody" name="testDelete" time="1.718"/>
  <system-out/>
</testsuite> <!-- day2.WaysToCreatePostRequestBody -->
